<?xml version="1.0" encoding="UTF-8"?>
<!-- Generated by org.testng.reporters.JUnitReportReporter -->
<testsuite hostname="NP2008" failures="0" tests="5" name="SFProject.utility.test.AutomationCaseScript" time="28.669" errors="0" timestamp="2022-10-02T22:49:54 EDT" skipped="0">
  <testcase classname="SFProject.utility.test.AutomationCaseScript" name="invalidloginToSalesForseTest4b" time="3.835"/>
  <system-out/>
  <testcase classname="SFProject.utility.test.AutomationCaseScript" name="loginToSalesForceTest5" time="9.102"/>
  <system-out/>
  <testcase classname="SFProject.utility.test.AutomationCaseScript" name="invalidloginToSalesForseTest1" time="4.029"/>
  <system-out/>
  <testcase classname="SFProject.utility.test.AutomationCaseScript" name="loginToSalesForceTest3" time="7.375"/>
  <system-out/>
  <testcase classname="SFProject.utility.test.AutomationCaseScript" name="loginToSalesForceTest4a" time="4.328"/>
  <system-out/>
</testsuite> <!-- SFProject.utility.test.AutomationCaseScript -->
