<?xml version="1.0" encoding="UTF-8"?>
<!-- Generated by org.testng.reporters.JUnitReportReporter -->
<testsuite hostname="NP2008" failures="0" tests="1" name="SFProject.utility.base.logTest" time="0.012" errors="0" timestamp="2022-09-30T16:22:28 EDT" skipped="0">
  <testcase classname="SFProject.utility.base.logTest" name="performSomeTask" time="0.012"/>
  <system-out/>
</testsuite> <!-- SFProject.utility.base.logTest -->
