<?xml version="1.0" encoding="UTF-8"?>
<!-- Generated by org.testng.reporters.JUnitReportReporter -->
<testsuite hostname="NP2008" failures="0" tests="1" name="SFProject.utility.test.CaseScript" time="5.836" errors="0" timestamp="2022-09-27T20:33:55 EDT" skipped="0">
  <testcase classname="SFProject.utility.test.CaseScript" name="T2sf" time="5.836"/>
  <system-out/>
</testsuite> <!-- SFProject.utility.test.CaseScript -->
